This file contains any messages produced by compilers while
running configure, to aid debugging if configure makes a mistake.

It was created by configure, which was
generated by GNU Autoconf 2.69.  Invocation command line was

  $ /opt/home/victoryang00/risingwave/target/riscv64gc-unknown-linux-gnu/debug/build/tikv-jemalloc-sys-da45fb7d79633b31/out/build/configure --disable-cxx --enable-doc=no --enable-shared=no --with-jemalloc-prefix=_rjem_ --with-private-namespace=_rjem_ --enable-prof --enable-stats --host=riscv64gc-unknown-linux-gnu --build=x86_64-unknown-linux-gnu --prefix=/opt/home/victoryang00/risingwave/target/riscv64gc-unknown-linux-gnu/debug/build/tikv-jemalloc-sys-da45fb7d79633b31/out

## --------- ##
## Platform. ##
## --------- ##

hostname = ares
uname -m = x86_64
uname -r = 5.15.0-47-generic
uname -s = Linux
uname -v = #51-Ubuntu SMP Thu Aug 11 07:51:15 UTC 2022

/usr/bin/uname -p = x86_64
/bin/uname -X     = unknown

/bin/arch              = x86_64
/usr/bin/arch -k       = unknown
/usr/convex/getsysinfo = unknown
/usr/bin/hostinfo      = unknown
/bin/machine           = unknown
/usr/bin/oslevel       = unknown
/bin/universe          = unknown

PATH: /home/victoryang00/pmu-tools/ucevent/
PATH: /opt/home/victoryang00/.vscode-server/bin/74b1f979648cc44d385a2286793c226e611f59e7/bin/remote-cli
PATH: /home/victoryang00/pmu-tools/ucevent/
PATH: /home/victoryang00/.cargo/bin
PATH: /home/victoryang00/.local/bin
PATH: /home/victoryang00/bin
PATH: /usr/local/sbin
PATH: /usr/local/bin
PATH: /usr/sbin
PATH: /usr/bin
PATH: /sbin
PATH: /bin
PATH: /usr/games
PATH: /usr/local/games
PATH: /snap/bin
PATH: /home/victoryang00/.fzf/bin


## ----------- ##
## Core tests. ##
## ----------- ##

configure:2678: checking for xsltproc
configure:2709: result: false
configure:2753: checking for riscv64gc-unknown-linux-gnu-gcc
configure:2783: result: no
configure:2793: checking for gcc
configure:2809: found /usr/bin/gcc
configure:2820: result: gcc
configure:2832: WARNING: using cross tools not prefixed with host triplet
configure:3049: checking for C compiler version
configure:3058: gcc --version >&5
gcc (Ubuntu 11.2.0-19ubuntu1) 11.2.0
Copyright (C) 2021 Free Software Foundation, Inc.
This is free software; see the source for copying conditions.  There is NO
warranty; not even for MERCHANTABILITY or FITNESS FOR A PARTICULAR PURPOSE.

configure:3069: $? = 0
configure:3058: gcc -v >&5
Using built-in specs.
COLLECT_GCC=gcc
COLLECT_LTO_WRAPPER=/usr/lib/gcc/x86_64-linux-gnu/11/lto-wrapper
OFFLOAD_TARGET_NAMES=nvptx-none:amdgcn-amdhsa
OFFLOAD_TARGET_DEFAULT=1
Target: x86_64-linux-gnu
Configured with: ../src/configure -v --with-pkgversion='Ubuntu 11.2.0-19ubuntu1' --with-bugurl=file:///usr/share/doc/gcc-11/README.Bugs --enable-languages=c,ada,c++,go,brig,d,fortran,objc,obj-c++,m2 --prefix=/usr --with-gcc-major-version-only --program-suffix=-11 --program-prefix=x86_64-linux-gnu- --enable-shared --enable-linker-build-id --libexecdir=/usr/lib --without-included-gettext --enable-threads=posix --libdir=/usr/lib --enable-nls --enable-bootstrap --enable-clocale=gnu --enable-libstdcxx-debug --enable-libstdcxx-time=yes --with-default-libstdcxx-abi=new --enable-gnu-unique-object --disable-vtable-verify --enable-plugin --enable-default-pie --with-system-zlib --enable-libphobos-checking=release --with-target-system-zlib=auto --enable-objc-gc=auto --enable-multiarch --disable-werror --enable-cet --with-arch-32=i686 --with-abi=m64 --with-multilib-list=m32,m64,mx32 --enable-multilib --with-tune=generic --enable-offload-targets=nvptx-none=/build/gcc-11-gBFGDP/gcc-11-11.2.0/debian/tmp-nvptx/usr,amdgcn-amdhsa=/build/gcc-11-gBFGDP/gcc-11-11.2.0/debian/tmp-gcn/usr --without-cuda-driver --enable-checking=release --build=x86_64-linux-gnu --host=x86_64-linux-gnu --target=x86_64-linux-gnu --with-build-config=bootstrap-lto-lean --enable-link-serialization=2
Thread model: posix
Supported LTO compression algorithms: zlib zstd
gcc version 11.2.0 (Ubuntu 11.2.0-19ubuntu1) 
... rest of stderr output deleted ...
configure:3069: $? = 0
configure:3058: gcc -V >&5
gcc: error: unrecognized command-line option '-V'
gcc: fatal error: no input files
compilation terminated.
configure:3069: $? = 1
configure:3058: gcc -qversion >&5
gcc: error: unrecognized command-line option '-qversion'; did you mean '--version'?
gcc: fatal error: no input files
compilation terminated.
configure:3069: $? = 1
configure:3089: checking whether the C compiler works
configure:3111: gcc    conftest.c  >&5
configure:3115: $? = 0
configure:3163: result: yes
configure:3166: checking for C compiler default output file name
configure:3168: result: a.out
configure:3174: checking for suffix of executables
configure:3181: gcc -o conftest    conftest.c  >&5
configure:3185: $? = 0
configure:3207: result: 
configure:3229: checking whether we are cross compiling
configure:3267: result: yes
configure:3272: checking for suffix of object files
configure:3294: gcc -c   conftest.c >&5
configure:3298: $? = 0
configure:3319: result: o
configure:3323: checking whether we are using the GNU C compiler
configure:3342: gcc -c   conftest.c >&5
configure:3342: $? = 0
configure:3351: result: yes
configure:3360: checking whether gcc accepts -g
configure:3380: gcc -c -g  conftest.c >&5
configure:3380: $? = 0
configure:3421: result: yes
configure:3438: checking for gcc option to accept ISO C89
configure:3501: gcc  -c   conftest.c >&5
configure:3501: $? = 0
configure:3514: result: none needed
configure:3579: checking whether compiler is cray
configure:3599: gcc -c   conftest.c >&5
conftest.c: In function 'main':
conftest.c:15:11: error: expected '=', ',', ';', 'asm' or '__attribute__' before '-' token
   15 |   int fail-1;
      |           ^
configure:3599: $? = 1
configure: failed program was:
| /* confdefs.h */
| #define PACKAGE_NAME ""
| #define PACKAGE_TARNAME ""
| #define PACKAGE_VERSION ""
| #define PACKAGE_STRING ""
| #define PACKAGE_BUGREPORT ""
| #define PACKAGE_URL ""
| /* end confdefs.h.  */
| 
| int
| main ()
| {
| 
| #ifndef _CRAYC
|   int fail-1;
| #endif
| 
|   ;
|   return 0;
| }
configure:3606: result: no
configure:3643: checking whether compiler supports -std=gnu11
configure:3674: gcc -c -std=gnu11  conftest.c >&5
configure:3674: $? = 0
configure:3676: result: yes
configure:3760: checking whether compiler supports -Werror=unknown-warning-option
configure:3791: gcc -c -std=gnu11 -Werror=unknown-warning-option  conftest.c >&5
cc1: error: '-Werror=unknown-warning-option': no option '-Wunknown-warning-option'
configure:3791: $? = 1
configure: failed program was:
| /* confdefs.h */
| #define PACKAGE_NAME ""
| #define PACKAGE_TARNAME ""
| #define PACKAGE_VERSION ""
| #define PACKAGE_STRING ""
| #define PACKAGE_BUGREPORT ""
| #define PACKAGE_URL ""
| #define JEMALLOC_HAS_RESTRICT
| /* end confdefs.h.  */
| 
| 
| int
| main ()
| {
| 
|     return 0;
| 
|   ;
|   return 0;
| }
configure:3797: result: no
configure:3811: checking whether compiler supports -Wall
configure:3842: gcc -c -std=gnu11 -Wall  conftest.c >&5
configure:3842: $? = 0
configure:3844: result: yes
configure:3862: checking whether compiler supports -Wextra
configure:3893: gcc -c -std=gnu11 -Wall -Wextra  conftest.c >&5
configure:3893: $? = 0
configure:3895: result: yes
configure:3913: checking whether compiler supports -Wshorten-64-to-32
configure:3944: gcc -c -std=gnu11 -Wall -Wextra -Wshorten-64-to-32  conftest.c >&5
gcc: error: unrecognized command-line option '-Wshorten-64-to-32'
configure:3944: $? = 1
configure: failed program was:
| /* confdefs.h */
| #define PACKAGE_NAME ""
| #define PACKAGE_TARNAME ""
| #define PACKAGE_VERSION ""
| #define PACKAGE_STRING ""
| #define PACKAGE_BUGREPORT ""
| #define PACKAGE_URL ""
| #define JEMALLOC_HAS_RESTRICT
| /* end confdefs.h.  */
| 
| 
| int
| main ()
| {
| 
|     return 0;
| 
|   ;
|   return 0;
| }
configure:3950: result: no
configure:3964: checking whether compiler supports -Wsign-compare
configure:3995: gcc -c -std=gnu11 -Wall -Wextra -Wsign-compare  conftest.c >&5
configure:3995: $? = 0
configure:3997: result: yes
configure:4015: checking whether compiler supports -Wundef
configure:4046: gcc -c -std=gnu11 -Wall -Wextra -Wsign-compare -Wundef  conftest.c >&5
configure:4046: $? = 0
configure:4048: result: yes
configure:4066: checking whether compiler supports -Wno-format-zero-length
configure:4097: gcc -c -std=gnu11 -Wall -Wextra -Wsign-compare -Wundef -Wno-format-zero-length  conftest.c >&5
configure:4097: $? = 0
configure:4099: result: yes
configure:4117: checking whether compiler supports -Wpointer-arith
configure:4148: gcc -c -std=gnu11 -Wall -Wextra -Wsign-compare -Wundef -Wno-format-zero-length -Wpointer-arith  conftest.c >&5
configure:4148: $? = 0
configure:4150: result: yes
configure:4168: checking whether compiler supports -Wno-missing-braces
configure:4199: gcc -c -std=gnu11 -Wall -Wextra -Wsign-compare -Wundef -Wno-format-zero-length -Wpointer-arith -Wno-missing-braces  conftest.c >&5
configure:4199: $? = 0
configure:4201: result: yes
configure:4219: checking whether compiler supports -Wno-missing-field-initializers
configure:4250: gcc -c -std=gnu11 -Wall -Wextra -Wsign-compare -Wundef -Wno-format-zero-length -Wpointer-arith -Wno-missing-braces -Wno-missing-field-initializers  conftest.c >&5
configure:4250: $? = 0
configure:4252: result: yes
configure:4270: checking whether compiler supports -Wno-missing-attributes
configure:4301: gcc -c -std=gnu11 -Wall -Wextra -Wsign-compare -Wundef -Wno-format-zero-length -Wpointer-arith -Wno-missing-braces -Wno-missing-field-initializers -Wno-missing-attributes  conftest.c >&5
configure:4301: $? = 0
configure:4303: result: yes
configure:4321: checking whether compiler supports -pipe
configure:4352: gcc -c -std=gnu11 -Wall -Wextra -Wsign-compare -Wundef -Wno-format-zero-length -Wpointer-arith -Wno-missing-braces -Wno-missing-field-initializers -Wno-missing-attributes -pipe  conftest.c >&5
configure:4352: $? = 0
configure:4354: result: yes
configure:4372: checking whether compiler supports -g3
configure:4403: gcc -c -std=gnu11 -Wall -Wextra -Wsign-compare -Wundef -Wno-format-zero-length -Wpointer-arith -Wno-missing-braces -Wno-missing-field-initializers -Wno-missing-attributes -pipe -g3  conftest.c >&5
configure:4403: $? = 0
configure:4405: result: yes
configure:4853: checking how to run the C preprocessor
configure:4884: gcc -E  conftest.c
configure:4884: $? = 0
configure:4898: gcc -E  conftest.c
conftest.c:10:10: fatal error: ac_nonexistent.h: No such file or directory
   10 | #include <ac_nonexistent.h>
      |          ^~~~~~~~~~~~~~~~~~
compilation terminated.
configure:4898: $? = 1
configure: failed program was:
| /* confdefs.h */
| #define PACKAGE_NAME ""
| #define PACKAGE_TARNAME ""
| #define PACKAGE_VERSION ""
| #define PACKAGE_STRING ""
| #define PACKAGE_BUGREPORT ""
| #define PACKAGE_URL ""
| #define JEMALLOC_HAS_RESTRICT
| /* end confdefs.h.  */
| #include <ac_nonexistent.h>
configure:4923: result: gcc -E
configure:4943: gcc -E  conftest.c
configure:4943: $? = 0
configure:4957: gcc -E  conftest.c
conftest.c:10:10: fatal error: ac_nonexistent.h: No such file or directory
   10 | #include <ac_nonexistent.h>
      |          ^~~~~~~~~~~~~~~~~~
compilation terminated.
configure:4957: $? = 1
configure: failed program was:
| /* confdefs.h */
| #define PACKAGE_NAME ""
| #define PACKAGE_TARNAME ""
| #define PACKAGE_VERSION ""
| #define PACKAGE_STRING ""
| #define PACKAGE_BUGREPORT ""
| #define PACKAGE_URL ""
| #define JEMALLOC_HAS_RESTRICT
| /* end confdefs.h.  */
| #include <ac_nonexistent.h>
configure:6919: checking for grep that handles long lines and -e
configure:6977: result: /usr/bin/grep
configure:6982: checking for egrep
configure:7044: result: /usr/bin/grep -E
configure:7049: checking for ANSI C header files
configure:7069: gcc -c -std=gnu11 -Wall -Wextra -Wsign-compare -Wundef -Wno-format-zero-length -Wpointer-arith -Wno-missing-braces -Wno-missing-field-initializers -Wno-missing-attributes -pipe -g3  conftest.c >&5
configure:7069: $? = 0
configure:7153: result: yes
configure:7166: checking for sys/types.h
configure:7166: gcc -c -std=gnu11 -Wall -Wextra -Wsign-compare -Wundef -Wno-format-zero-length -Wpointer-arith -Wno-missing-braces -Wno-missing-field-initializers -Wno-missing-attributes -pipe -g3  conftest.c >&5
configure:7166: $? = 0
configure:7166: result: yes
configure:7166: checking for sys/stat.h
configure:7166: gcc -c -std=gnu11 -Wall -Wextra -Wsign-compare -Wundef -Wno-format-zero-length -Wpointer-arith -Wno-missing-braces -Wno-missing-field-initializers -Wno-missing-attributes -pipe -g3  conftest.c >&5
configure:7166: $? = 0
configure:7166: result: yes
configure:7166: checking for stdlib.h
configure:7166: gcc -c -std=gnu11 -Wall -Wextra -Wsign-compare -Wundef -Wno-format-zero-length -Wpointer-arith -Wno-missing-braces -Wno-missing-field-initializers -Wno-missing-attributes -pipe -g3  conftest.c >&5
configure:7166: $? = 0
configure:7166: result: yes
configure:7166: checking for string.h
configure:7166: gcc -c -std=gnu11 -Wall -Wextra -Wsign-compare -Wundef -Wno-format-zero-length -Wpointer-arith -Wno-missing-braces -Wno-missing-field-initializers -Wno-missing-attributes -pipe -g3  conftest.c >&5
configure:7166: $? = 0
configure:7166: result: yes
configure:7166: checking for memory.h
configure:7166: gcc -c -std=gnu11 -Wall -Wextra -Wsign-compare -Wundef -Wno-format-zero-length -Wpointer-arith -Wno-missing-braces -Wno-missing-field-initializers -Wno-missing-attributes -pipe -g3  conftest.c >&5
configure:7166: $? = 0
configure:7166: result: yes
configure:7166: checking for strings.h
configure:7166: gcc -c -std=gnu11 -Wall -Wextra -Wsign-compare -Wundef -Wno-format-zero-length -Wpointer-arith -Wno-missing-braces -Wno-missing-field-initializers -Wno-missing-attributes -pipe -g3  conftest.c >&5
configure:7166: $? = 0
configure:7166: result: yes
configure:7166: checking for inttypes.h
configure:7166: gcc -c -std=gnu11 -Wall -Wextra -Wsign-compare -Wundef -Wno-format-zero-length -Wpointer-arith -Wno-missing-braces -Wno-missing-field-initializers -Wno-missing-attributes -pipe -g3  conftest.c >&5
configure:7166: $? = 0
configure:7166: result: yes
configure:7166: checking for stdint.h
configure:7166: gcc -c -std=gnu11 -Wall -Wextra -Wsign-compare -Wundef -Wno-format-zero-length -Wpointer-arith -Wno-missing-braces -Wno-missing-field-initializers -Wno-missing-attributes -pipe -g3  conftest.c >&5
configure:7166: $? = 0
configure:7166: result: yes
configure:7166: checking for unistd.h
configure:7166: gcc -c -std=gnu11 -Wall -Wextra -Wsign-compare -Wundef -Wno-format-zero-length -Wpointer-arith -Wno-missing-braces -Wno-missing-field-initializers -Wno-missing-attributes -pipe -g3  conftest.c >&5
configure:7166: $? = 0
configure:7166: result: yes
configure:7178: checking whether byte ordering is bigendian
configure:7193: gcc -c -std=gnu11 -Wall -Wextra -Wsign-compare -Wundef -Wno-format-zero-length -Wpointer-arith -Wno-missing-braces -Wno-missing-field-initializers -Wno-missing-attributes -pipe -g3  conftest.c >&5
conftest.c:21:16: error: unknown type name 'not'
   21 |                not a universal capable compiler
      |                ^~~
conftest.c:21:22: error: expected '=', ',', ';', 'asm' or '__attribute__' before 'universal'
   21 |                not a universal capable compiler
      |                      ^~~~~~~~~
conftest.c:21:22: error: unknown type name 'universal'
configure:7193: $? = 1
configure: failed program was:
| /* confdefs.h */
| #define PACKAGE_NAME ""
| #define PACKAGE_TARNAME ""
| #define PACKAGE_VERSION ""
| #define PACKAGE_STRING ""
| #define PACKAGE_BUGREPORT ""
| #define PACKAGE_URL ""
| #define JEMALLOC_HAS_RESTRICT
| #define STDC_HEADERS 1
| #define HAVE_SYS_TYPES_H 1
| #define HAVE_SYS_STAT_H 1
| #define HAVE_STDLIB_H 1
| #define HAVE_STRING_H 1
| #define HAVE_MEMORY_H 1
| #define HAVE_STRINGS_H 1
| #define HAVE_INTTYPES_H 1
| #define HAVE_STDINT_H 1
| #define HAVE_UNISTD_H 1
| /* end confdefs.h.  */
| #ifndef __APPLE_CC__
| 	       not a universal capable compiler
| 	     #endif
| 	     typedef int dummy;
| 
configure:7238: gcc -c -std=gnu11 -Wall -Wextra -Wsign-compare -Wundef -Wno-format-zero-length -Wpointer-arith -Wno-missing-braces -Wno-missing-field-initializers -Wno-missing-attributes -pipe -g3  conftest.c >&5
configure:7238: $? = 0
configure:7256: gcc -c -std=gnu11 -Wall -Wextra -Wsign-compare -Wundef -Wno-format-zero-length -Wpointer-arith -Wno-missing-braces -Wno-missing-field-initializers -Wno-missing-attributes -pipe -g3  conftest.c >&5
conftest.c: In function 'main':
conftest.c:27:18: error: unknown type name 'not'; did you mean 'ino_t'?
   27 |                  not big endian
      |                  ^~~
      |                  ino_t
conftest.c:27:26: error: expected '=', ',', ';', 'asm' or '__attribute__' before 'endian'
   27 |                  not big endian
      |                          ^~~~~~
configure:7256: $? = 1
configure: failed program was:
| /* confdefs.h */
| #define PACKAGE_NAME ""
| #define PACKAGE_TARNAME ""
| #define PACKAGE_VERSION ""
| #define PACKAGE_STRING ""
| #define PACKAGE_BUGREPORT ""
| #define PACKAGE_URL ""
| #define JEMALLOC_HAS_RESTRICT
| #define STDC_HEADERS 1
| #define HAVE_SYS_TYPES_H 1
| #define HAVE_SYS_STAT_H 1
| #define HAVE_STDLIB_H 1
| #define HAVE_STRING_H 1
| #define HAVE_MEMORY_H 1
| #define HAVE_STRINGS_H 1
| #define HAVE_INTTYPES_H 1
| #define HAVE_STDINT_H 1
| #define HAVE_UNISTD_H 1
| /* end confdefs.h.  */
| #include <sys/types.h>
| 		#include <sys/param.h>
| 
| int
| main ()
| {
| #if BYTE_ORDER != BIG_ENDIAN
| 		 not big endian
| 		#endif
| 
|   ;
|   return 0;
| }
configure:7384: result: no
configure:7429: checking size of void *
configure:7434: gcc -c -std=gnu11 -Wall -Wextra -Wsign-compare -Wundef -Wno-format-zero-length -Wpointer-arith -Wno-missing-braces -Wno-missing-field-initializers -Wno-missing-attributes -pipe -g3  conftest.c >&5
configure:7434: $? = 0
configure:7434: gcc -c -std=gnu11 -Wall -Wextra -Wsign-compare -Wundef -Wno-format-zero-length -Wpointer-arith -Wno-missing-braces -Wno-missing-field-initializers -Wno-missing-attributes -pipe -g3  conftest.c >&5
conftest.c: In function 'main':
conftest.c:56:12: error: size of array 'test_array' is negative
   56 | static int test_array [1 - 2 * !(((long int) (sizeof (void *))) <= 0)];
      |            ^~~~~~~~~~
configure:7434: $? = 1
configure: failed program was:
| /* confdefs.h */
| #define PACKAGE_NAME ""
| #define PACKAGE_TARNAME ""
| #define PACKAGE_VERSION ""
| #define PACKAGE_STRING ""
| #define PACKAGE_BUGREPORT ""
| #define PACKAGE_URL ""
| #define JEMALLOC_HAS_RESTRICT
| #define STDC_HEADERS 1
| #define HAVE_SYS_TYPES_H 1
| #define HAVE_SYS_STAT_H 1
| #define HAVE_STDLIB_H 1
| #define HAVE_STRING_H 1
| #define HAVE_MEMORY_H 1
| #define HAVE_STRINGS_H 1
| #define HAVE_INTTYPES_H 1
| #define HAVE_STDINT_H 1
| #define HAVE_UNISTD_H 1
| /* end confdefs.h.  */
| #include <stdio.h>
| #ifdef HAVE_SYS_TYPES_H
| # include <sys/types.h>
| #endif
| #ifdef HAVE_SYS_STAT_H
| # include <sys/stat.h>
| #endif
| #ifdef STDC_HEADERS
| # include <stdlib.h>
| # include <stddef.h>
| #else
| # ifdef HAVE_STDLIB_H
| #  include <stdlib.h>
| # endif
| #endif
| #ifdef HAVE_STRING_H
| # if !defined STDC_HEADERS && defined HAVE_MEMORY_H
| #  include <memory.h>
| # endif
| # include <string.h>
| #endif
| #ifdef HAVE_STRINGS_H
| # include <strings.h>
| #endif
| #ifdef HAVE_INTTYPES_H
| # include <inttypes.h>
| #endif
| #ifdef HAVE_STDINT_H
| # include <stdint.h>
| #endif
| #ifdef HAVE_UNISTD_H
| # include <unistd.h>
| #endif
| int
| main ()
| {
| static int test_array [1 - 2 * !(((long int) (sizeof (void *))) <= 0)];
| test_array [0] = 0;
| return test_array [0];
| 
|   ;
|   return 0;
| }
configure:7434: gcc -c -std=gnu11 -Wall -Wextra -Wsign-compare -Wundef -Wno-format-zero-length -Wpointer-arith -Wno-missing-braces -Wno-missing-field-initializers -Wno-missing-attributes -pipe -g3  conftest.c >&5
conftest.c: In function 'main':
conftest.c:56:12: error: size of array 'test_array' is negative
   56 | static int test_array [1 - 2 * !(((long int) (sizeof (void *))) <= 1)];
      |            ^~~~~~~~~~
configure:7434: $? = 1
configure: failed program was:
| /* confdefs.h */
| #define PACKAGE_NAME ""
| #define PACKAGE_TARNAME ""
| #define PACKAGE_VERSION ""
| #define PACKAGE_STRING ""
| #define PACKAGE_BUGREPORT ""
| #define PACKAGE_URL ""
| #define JEMALLOC_HAS_RESTRICT
| #define STDC_HEADERS 1
| #define HAVE_SYS_TYPES_H 1
| #define HAVE_SYS_STAT_H 1
| #define HAVE_STDLIB_H 1
| #define HAVE_STRING_H 1
| #define HAVE_MEMORY_H 1
| #define HAVE_STRINGS_H 1
| #define HAVE_INTTYPES_H 1
| #define HAVE_STDINT_H 1
| #define HAVE_UNISTD_H 1
| /* end confdefs.h.  */
| #include <stdio.h>
| #ifdef HAVE_SYS_TYPES_H
| # include <sys/types.h>
| #endif
| #ifdef HAVE_SYS_STAT_H
| # include <sys/stat.h>
| #endif
| #ifdef STDC_HEADERS
| # include <stdlib.h>
| # include <stddef.h>
| #else
| # ifdef HAVE_STDLIB_H
| #  include <stdlib.h>
| # endif
| #endif
| #ifdef HAVE_STRING_H
| # if !defined STDC_HEADERS && defined HAVE_MEMORY_H
| #  include <memory.h>
| # endif
| # include <string.h>
| #endif
| #ifdef HAVE_STRINGS_H
| # include <strings.h>
| #endif
| #ifdef HAVE_INTTYPES_H
| # include <inttypes.h>
| #endif
| #ifdef HAVE_STDINT_H
| # include <stdint.h>
| #endif
| #ifdef HAVE_UNISTD_H
| # include <unistd.h>
| #endif
| int
| main ()
| {
| static int test_array [1 - 2 * !(((long int) (sizeof (void *))) <= 1)];
| test_array [0] = 0;
| return test_array [0];
| 
|   ;
|   return 0;
| }
configure:7434: gcc -c -std=gnu11 -Wall -Wextra -Wsign-compare -Wundef -Wno-format-zero-length -Wpointer-arith -Wno-missing-braces -Wno-missing-field-initializers -Wno-missing-attributes -pipe -g3  conftest.c >&5
conftest.c: In function 'main':
conftest.c:56:12: error: size of array 'test_array' is negative
   56 | static int test_array [1 - 2 * !(((long int) (sizeof (void *))) <= 3)];
      |            ^~~~~~~~~~
configure:7434: $? = 1
configure: failed program was:
| /* confdefs.h */
| #define PACKAGE_NAME ""
| #define PACKAGE_TARNAME ""
| #define PACKAGE_VERSION ""
| #define PACKAGE_STRING ""
| #define PACKAGE_BUGREPORT ""
| #define PACKAGE_URL ""
| #define JEMALLOC_HAS_RESTRICT
| #define STDC_HEADERS 1
| #define HAVE_SYS_TYPES_H 1
| #define HAVE_SYS_STAT_H 1
| #define HAVE_STDLIB_H 1
| #define HAVE_STRING_H 1
| #define HAVE_MEMORY_H 1
| #define HAVE_STRINGS_H 1
| #define HAVE_INTTYPES_H 1
| #define HAVE_STDINT_H 1
| #define HAVE_UNISTD_H 1
| /* end confdefs.h.  */
| #include <stdio.h>
| #ifdef HAVE_SYS_TYPES_H
| # include <sys/types.h>
| #endif
| #ifdef HAVE_SYS_STAT_H
| # include <sys/stat.h>
| #endif
| #ifdef STDC_HEADERS
| # include <stdlib.h>
| # include <stddef.h>
| #else
| # ifdef HAVE_STDLIB_H
| #  include <stdlib.h>
| # endif
| #endif
| #ifdef HAVE_STRING_H
| # if !defined STDC_HEADERS && defined HAVE_MEMORY_H
| #  include <memory.h>
| # endif
| # include <string.h>
| #endif
| #ifdef HAVE_STRINGS_H
| # include <strings.h>
| #endif
| #ifdef HAVE_INTTYPES_H
| # include <inttypes.h>
| #endif
| #ifdef HAVE_STDINT_H
| # include <stdint.h>
| #endif
| #ifdef HAVE_UNISTD_H
| # include <unistd.h>
| #endif
| int
| main ()
| {
| static int test_array [1 - 2 * !(((long int) (sizeof (void *))) <= 3)];
| test_array [0] = 0;
| return test_array [0];
| 
|   ;
|   return 0;
| }
configure:7434: gcc -c -std=gnu11 -Wall -Wextra -Wsign-compare -Wundef -Wno-format-zero-length -Wpointer-arith -Wno-missing-braces -Wno-missing-field-initializers -Wno-missing-attributes -pipe -g3  conftest.c >&5
conftest.c: In function 'main':
conftest.c:56:12: error: size of array 'test_array' is negative
   56 | static int test_array [1 - 2 * !(((long int) (sizeof (void *))) <= 7)];
      |            ^~~~~~~~~~
configure:7434: $? = 1
configure: failed program was:
| /* confdefs.h */
| #define PACKAGE_NAME ""
| #define PACKAGE_TARNAME ""
| #define PACKAGE_VERSION ""
| #define PACKAGE_STRING ""
| #define PACKAGE_BUGREPORT ""
| #define PACKAGE_URL ""
| #define JEMALLOC_HAS_RESTRICT
| #define STDC_HEADERS 1
| #define HAVE_SYS_TYPES_H 1
| #define HAVE_SYS_STAT_H 1
| #define HAVE_STDLIB_H 1
| #define HAVE_STRING_H 1
| #define HAVE_MEMORY_H 1
| #define HAVE_STRINGS_H 1
| #define HAVE_INTTYPES_H 1
| #define HAVE_STDINT_H 1
| #define HAVE_UNISTD_H 1
| /* end confdefs.h.  */
| #include <stdio.h>
| #ifdef HAVE_SYS_TYPES_H
| # include <sys/types.h>
| #endif
| #ifdef HAVE_SYS_STAT_H
| # include <sys/stat.h>
| #endif
| #ifdef STDC_HEADERS
| # include <stdlib.h>
| # include <stddef.h>
| #else
| # ifdef HAVE_STDLIB_H
| #  include <stdlib.h>
| # endif
| #endif
| #ifdef HAVE_STRING_H
| # if !defined STDC_HEADERS && defined HAVE_MEMORY_H
| #  include <memory.h>
| # endif
| # include <string.h>
| #endif
| #ifdef HAVE_STRINGS_H
| # include <strings.h>
| #endif
| #ifdef HAVE_INTTYPES_H
| # include <inttypes.h>
| #endif
| #ifdef HAVE_STDINT_H
| # include <stdint.h>
| #endif
| #ifdef HAVE_UNISTD_H
| # include <unistd.h>
| #endif
| int
| main ()
| {
| static int test_array [1 - 2 * !(((long int) (sizeof (void *))) <= 7)];
| test_array [0] = 0;
| return test_array [0];
| 
|   ;
|   return 0;
| }
configure:7434: gcc -c -std=gnu11 -Wall -Wextra -Wsign-compare -Wundef -Wno-format-zero-length -Wpointer-arith -Wno-missing-braces -Wno-missing-field-initializers -Wno-missing-attributes -pipe -g3  conftest.c >&5
configure:7434: $? = 0
configure:7434: gcc -c -std=gnu11 -Wall -Wextra -Wsign-compare -Wundef -Wno-format-zero-length -Wpointer-arith -Wno-missing-braces -Wno-missing-field-initializers -Wno-missing-attributes -pipe -g3  conftest.c >&5
configure:7434: $? = 0
configure:7434: gcc -c -std=gnu11 -Wall -Wextra -Wsign-compare -Wundef -Wno-format-zero-length -Wpointer-arith -Wno-missing-braces -Wno-missing-field-initializers -Wno-missing-attributes -pipe -g3  conftest.c >&5
configure:7434: $? = 0
configure:7434: gcc -c -std=gnu11 -Wall -Wextra -Wsign-compare -Wundef -Wno-format-zero-length -Wpointer-arith -Wno-missing-braces -Wno-missing-field-initializers -Wno-missing-attributes -pipe -g3  conftest.c >&5
configure:7434: $? = 0
configure:7448: result: 8
configure:7476: checking size of int
configure:7481: gcc -c -std=gnu11 -Wall -Wextra -Wsign-compare -Wundef -Wno-format-zero-length -Wpointer-arith -Wno-missing-braces -Wno-missing-field-initializers -Wno-missing-attributes -pipe -g3  conftest.c >&5
configure:7481: $? = 0
configure:7481: gcc -c -std=gnu11 -Wall -Wextra -Wsign-compare -Wundef -Wno-format-zero-length -Wpointer-arith -Wno-missing-braces -Wno-missing-field-initializers -Wno-missing-attributes -pipe -g3  conftest.c >&5
conftest.c: In function 'main':
conftest.c:58:12: error: size of array 'test_array' is negative
   58 | static int test_array [1 - 2 * !(((long int) (sizeof (int))) <= 0)];
      |            ^~~~~~~~~~
configure:7481: $? = 1
configure: failed program was:
| /* confdefs.h */
| #define PACKAGE_NAME ""
| #define PACKAGE_TARNAME ""
| #define PACKAGE_VERSION ""
| #define PACKAGE_STRING ""
| #define PACKAGE_BUGREPORT ""
| #define PACKAGE_URL ""
| #define JEMALLOC_HAS_RESTRICT
| #define STDC_HEADERS 1
| #define HAVE_SYS_TYPES_H 1
| #define HAVE_SYS_STAT_H 1
| #define HAVE_STDLIB_H 1
| #define HAVE_STRING_H 1
| #define HAVE_MEMORY_H 1
| #define HAVE_STRINGS_H 1
| #define HAVE_INTTYPES_H 1
| #define HAVE_STDINT_H 1
| #define HAVE_UNISTD_H 1
| #define SIZEOF_VOID_P 8
| #define LG_SIZEOF_PTR 3
| /* end confdefs.h.  */
| #include <stdio.h>
| #ifdef HAVE_SYS_TYPES_H
| # include <sys/types.h>
| #endif
| #ifdef HAVE_SYS_STAT_H
| # include <sys/stat.h>
| #endif
| #ifdef STDC_HEADERS
| # include <stdlib.h>
| # include <stddef.h>
| #else
| # ifdef HAVE_STDLIB_H
| #  include <stdlib.h>
| # endif
| #endif
| #ifdef HAVE_STRING_H
| # if !defined STDC_HEADERS && defined HAVE_MEMORY_H
| #  include <memory.h>
| # endif
| # include <string.h>
| #endif
| #ifdef HAVE_STRINGS_H
| # include <strings.h>
| #endif
| #ifdef HAVE_INTTYPES_H
| # include <inttypes.h>
| #endif
| #ifdef HAVE_STDINT_H
| # include <stdint.h>
| #endif
| #ifdef HAVE_UNISTD_H
| # include <unistd.h>
| #endif
| int
| main ()
| {
| static int test_array [1 - 2 * !(((long int) (sizeof (int))) <= 0)];
| test_array [0] = 0;
| return test_array [0];
| 
|   ;
|   return 0;
| }
configure:7481: gcc -c -std=gnu11 -Wall -Wextra -Wsign-compare -Wundef -Wno-format-zero-length -Wpointer-arith -Wno-missing-braces -Wno-missing-field-initializers -Wno-missing-attributes -pipe -g3  conftest.c >&5
conftest.c: In function 'main':
conftest.c:58:12: error: size of array 'test_array' is negative
   58 | static int test_array [1 - 2 * !(((long int) (sizeof (int))) <= 1)];
      |            ^~~~~~~~~~
configure:7481: $? = 1
configure: failed program was:
| /* confdefs.h */
| #define PACKAGE_NAME ""
| #define PACKAGE_TARNAME ""
| #define PACKAGE_VERSION ""
| #define PACKAGE_STRING ""
| #define PACKAGE_BUGREPORT ""
| #define PACKAGE_URL ""
| #define JEMALLOC_HAS_RESTRICT
| #define STDC_HEADERS 1
| #define HAVE_SYS_TYPES_H 1
| #define HAVE_SYS_STAT_H 1
| #define HAVE_STDLIB_H 1
| #define HAVE_STRING_H 1
| #define HAVE_MEMORY_H 1
| #define HAVE_STRINGS_H 1
| #define HAVE_INTTYPES_H 1
| #define HAVE_STDINT_H 1
| #define HAVE_UNISTD_H 1
| #define SIZEOF_VOID_P 8
| #define LG_SIZEOF_PTR 3
| /* end confdefs.h.  */
| #include <stdio.h>
| #ifdef HAVE_SYS_TYPES_H
| # include <sys/types.h>
| #endif
| #ifdef HAVE_SYS_STAT_H
| # include <sys/stat.h>
| #endif
| #ifdef STDC_HEADERS
| # include <stdlib.h>
| # include <stddef.h>
| #else
| # ifdef HAVE_STDLIB_H
| #  include <stdlib.h>
| # endif
| #endif
| #ifdef HAVE_STRING_H
| # if !defined STDC_HEADERS && defined HAVE_MEMORY_H
| #  include <memory.h>
| # endif
| # include <string.h>
| #endif
| #ifdef HAVE_STRINGS_H
| # include <strings.h>
| #endif
| #ifdef HAVE_INTTYPES_H
| # include <inttypes.h>
| #endif
| #ifdef HAVE_STDINT_H
| # include <stdint.h>
| #endif
| #ifdef HAVE_UNISTD_H
| # include <unistd.h>
| #endif
| int
| main ()
| {
| static int test_array [1 - 2 * !(((long int) (sizeof (int))) <= 1)];
| test_array [0] = 0;
| return test_array [0];
| 
|   ;
|   return 0;
| }
configure:7481: gcc -c -std=gnu11 -Wall -Wextra -Wsign-compare -Wundef -Wno-format-zero-length -Wpointer-arith -Wno-missing-braces -Wno-missing-field-initializers -Wno-missing-attributes -pipe -g3  conftest.c >&5
conftest.c: In function 'main':
conftest.c:58:12: error: size of array 'test_array' is negative
   58 | static int test_array [1 - 2 * !(((long int) (sizeof (int))) <= 3)];
      |            ^~~~~~~~~~
configure:7481: $? = 1
configure: failed program was:
| /* confdefs.h */
| #define PACKAGE_NAME ""
| #define PACKAGE_TARNAME ""
| #define PACKAGE_VERSION ""
| #define PACKAGE_STRING ""
| #define PACKAGE_BUGREPORT ""
| #define PACKAGE_URL ""
| #define JEMALLOC_HAS_RESTRICT
| #define STDC_HEADERS 1
| #define HAVE_SYS_TYPES_H 1
| #define HAVE_SYS_STAT_H 1
| #define HAVE_STDLIB_H 1
| #define HAVE_STRING_H 1
| #define HAVE_MEMORY_H 1
| #define HAVE_STRINGS_H 1
| #define HAVE_INTTYPES_H 1
| #define HAVE_STDINT_H 1
| #define HAVE_UNISTD_H 1
| #define SIZEOF_VOID_P 8
| #define LG_SIZEOF_PTR 3
| /* end confdefs.h.  */
| #include <stdio.h>
| #ifdef HAVE_SYS_TYPES_H
| # include <sys/types.h>
| #endif
| #ifdef HAVE_SYS_STAT_H
| # include <sys/stat.h>
| #endif
| #ifdef STDC_HEADERS
| # include <stdlib.h>
| # include <stddef.h>
| #else
| # ifdef HAVE_STDLIB_H
| #  include <stdlib.h>
| # endif
| #endif
| #ifdef HAVE_STRING_H
| # if !defined STDC_HEADERS && defined HAVE_MEMORY_H
| #  include <memory.h>
| # endif
| # include <string.h>
| #endif
| #ifdef HAVE_STRINGS_H
| # include <strings.h>
| #endif
| #ifdef HAVE_INTTYPES_H
| # include <inttypes.h>
| #endif
| #ifdef HAVE_STDINT_H
| # include <stdint.h>
| #endif
| #ifdef HAVE_UNISTD_H
| # include <unistd.h>
| #endif
| int
| main ()
| {
| static int test_array [1 - 2 * !(((long int) (sizeof (int))) <= 3)];
| test_array [0] = 0;
| return test_array [0];
| 
|   ;
|   return 0;
| }
configure:7481: gcc -c -std=gnu11 -Wall -Wextra -Wsign-compare -Wundef -Wno-format-zero-length -Wpointer-arith -Wno-missing-braces -Wno-missing-field-initializers -Wno-missing-attributes -pipe -g3  conftest.c >&5
configure:7481: $? = 0
configure:7481: gcc -c -std=gnu11 -Wall -Wextra -Wsign-compare -Wundef -Wno-format-zero-length -Wpointer-arith -Wno-missing-braces -Wno-missing-field-initializers -Wno-missing-attributes -pipe -g3  conftest.c >&5
configure:7481: $? = 0
configure:7481: gcc -c -std=gnu11 -Wall -Wextra -Wsign-compare -Wundef -Wno-format-zero-length -Wpointer-arith -Wno-missing-braces -Wno-missing-field-initializers -Wno-missing-attributes -pipe -g3  conftest.c >&5
configure:7481: $? = 0
configure:7495: result: 4
configure:7522: checking size of long
configure:7527: gcc -c -std=gnu11 -Wall -Wextra -Wsign-compare -Wundef -Wno-format-zero-length -Wpointer-arith -Wno-missing-braces -Wno-missing-field-initializers -Wno-missing-attributes -pipe -g3  conftest.c >&5
configure:7527: $? = 0
configure:7527: gcc -c -std=gnu11 -Wall -Wextra -Wsign-compare -Wundef -Wno-format-zero-length -Wpointer-arith -Wno-missing-braces -Wno-missing-field-initializers -Wno-missing-attributes -pipe -g3  conftest.c >&5
conftest.c: In function 'main':
conftest.c:60:12: error: size of array 'test_array' is negative
   60 | static int test_array [1 - 2 * !(((long int) (sizeof (long))) <= 0)];
      |            ^~~~~~~~~~
configure:7527: $? = 1
configure: failed program was:
| /* confdefs.h */
| #define PACKAGE_NAME ""
| #define PACKAGE_TARNAME ""
| #define PACKAGE_VERSION ""
| #define PACKAGE_STRING ""
| #define PACKAGE_BUGREPORT ""
| #define PACKAGE_URL ""
| #define JEMALLOC_HAS_RESTRICT
| #define STDC_HEADERS 1
| #define HAVE_SYS_TYPES_H 1
| #define HAVE_SYS_STAT_H 1
| #define HAVE_STDLIB_H 1
| #define HAVE_STRING_H 1
| #define HAVE_MEMORY_H 1
| #define HAVE_STRINGS_H 1
| #define HAVE_INTTYPES_H 1
| #define HAVE_STDINT_H 1
| #define HAVE_UNISTD_H 1
| #define SIZEOF_VOID_P 8
| #define LG_SIZEOF_PTR 3
| #define SIZEOF_INT 4
| #define LG_SIZEOF_INT 2
| /* end confdefs.h.  */
| #include <stdio.h>
| #ifdef HAVE_SYS_TYPES_H
| # include <sys/types.h>
| #endif
| #ifdef HAVE_SYS_STAT_H
| # include <sys/stat.h>
| #endif
| #ifdef STDC_HEADERS
| # include <stdlib.h>
| # include <stddef.h>
| #else
| # ifdef HAVE_STDLIB_H
| #  include <stdlib.h>
| # endif
| #endif
| #ifdef HAVE_STRING_H
| # if !defined STDC_HEADERS && defined HAVE_MEMORY_H
| #  include <memory.h>
| # endif
| # include <string.h>
| #endif
| #ifdef HAVE_STRINGS_H
| # include <strings.h>
| #endif
| #ifdef HAVE_INTTYPES_H
| # include <inttypes.h>
| #endif
| #ifdef HAVE_STDINT_H
| # include <stdint.h>
| #endif
| #ifdef HAVE_UNISTD_H
| # include <unistd.h>
| #endif
| int
| main ()
| {
| static int test_array [1 - 2 * !(((long int) (sizeof (long))) <= 0)];
| test_array [0] = 0;
| return test_array [0];
| 
|   ;
|   return 0;
| }
configure:7527: gcc -c -std=gnu11 -Wall -Wextra -Wsign-compare -Wundef -Wno-format-zero-length -Wpointer-arith -Wno-missing-braces -Wno-missing-field-initializers -Wno-missing-attributes -pipe -g3  conftest.c >&5
conftest.c: In function 'main':
conftest.c:60:12: error: size of array 'test_array' is negative
   60 | static int test_array [1 - 2 * !(((long int) (sizeof (long))) <= 1)];
      |            ^~~~~~~~~~
configure:7527: $? = 1
configure: failed program was:
| /* confdefs.h */
| #define PACKAGE_NAME ""
| #define PACKAGE_TARNAME ""
| #define PACKAGE_VERSION ""
| #define PACKAGE_STRING ""
| #define PACKAGE_BUGREPORT ""
| #define PACKAGE_URL ""
| #define JEMALLOC_HAS_RESTRICT
| #define STDC_HEADERS 1
| #define HAVE_SYS_TYPES_H 1
| #define HAVE_SYS_STAT_H 1
| #define HAVE_STDLIB_H 1
| #define HAVE_STRING_H 1
| #define HAVE_MEMORY_H 1
| #define HAVE_STRINGS_H 1
| #define HAVE_INTTYPES_H 1
| #define HAVE_STDINT_H 1
| #define HAVE_UNISTD_H 1
| #define SIZEOF_VOID_P 8
| #define LG_SIZEOF_PTR 3
| #define SIZEOF_INT 4
| #define LG_SIZEOF_INT 2
| /* end confdefs.h.  */
| #include <stdio.h>
| #ifdef HAVE_SYS_TYPES_H
| # include <sys/types.h>
| #endif
| #ifdef HAVE_SYS_STAT_H
| # include <sys/stat.h>
| #endif
| #ifdef STDC_HEADERS
| # include <stdlib.h>
| # include <stddef.h>
| #else
| # ifdef HAVE_STDLIB_H
| #  include <stdlib.h>
| # endif
| #endif
| #ifdef HAVE_STRING_H
| # if !defined STDC_HEADERS && defined HAVE_MEMORY_H
| #  include <memory.h>
| # endif
| # include <string.h>
| #endif
| #ifdef HAVE_STRINGS_H
| # include <strings.h>
| #endif
| #ifdef HAVE_INTTYPES_H
| # include <inttypes.h>
| #endif
| #ifdef HAVE_STDINT_H
| # include <stdint.h>
| #endif
| #ifdef HAVE_UNISTD_H
| # include <unistd.h>
| #endif
| int
| main ()
| {
| static int test_array [1 - 2 * !(((long int) (sizeof (long))) <= 1)];
| test_array [0] = 0;
| return test_array [0];
| 
|   ;
|   return 0;
| }
configure:7527: gcc -c -std=gnu11 -Wall -Wextra -Wsign-compare -Wundef -Wno-format-zero-length -Wpointer-arith -Wno-missing-braces -Wno-missing-field-initializers -Wno-missing-attributes -pipe -g3  conftest.c >&5
conftest.c: In function 'main':
conftest.c:60:12: error: size of array 'test_array' is negative
   60 | static int test_array [1 - 2 * !(((long int) (sizeof (long))) <= 3)];
      |            ^~~~~~~~~~
configure:7527: $? = 1
configure: failed program was:
| /* confdefs.h */
| #define PACKAGE_NAME ""
| #define PACKAGE_TARNAME ""
| #define PACKAGE_VERSION ""
| #define PACKAGE_STRING ""
| #define PACKAGE_BUGREPORT ""
| #define PACKAGE_URL ""
| #define JEMALLOC_HAS_RESTRICT
| #define STDC_HEADERS 1
| #define HAVE_SYS_TYPES_H 1
| #define HAVE_SYS_STAT_H 1
| #define HAVE_STDLIB_H 1
| #define HAVE_STRING_H 1
| #define HAVE_MEMORY_H 1
| #define HAVE_STRINGS_H 1
| #define HAVE_INTTYPES_H 1
| #define HAVE_STDINT_H 1
| #define HAVE_UNISTD_H 1
| #define SIZEOF_VOID_P 8
| #define LG_SIZEOF_PTR 3
| #define SIZEOF_INT 4
| #define LG_SIZEOF_INT 2
| /* end confdefs.h.  */
| #include <stdio.h>
| #ifdef HAVE_SYS_TYPES_H
| # include <sys/types.h>
| #endif
| #ifdef HAVE_SYS_STAT_H
| # include <sys/stat.h>
| #endif
| #ifdef STDC_HEADERS
| # include <stdlib.h>
| # include <stddef.h>
| #else
| # ifdef HAVE_STDLIB_H
| #  include <stdlib.h>
| # endif
| #endif
| #ifdef HAVE_STRING_H
| # if !defined STDC_HEADERS && defined HAVE_MEMORY_H
| #  include <memory.h>
| # endif
| # include <string.h>
| #endif
| #ifdef HAVE_STRINGS_H
| # include <strings.h>
| #endif
| #ifdef HAVE_INTTYPES_H
| # include <inttypes.h>
| #endif
| #ifdef HAVE_STDINT_H
| # include <stdint.h>
| #endif
| #ifdef HAVE_UNISTD_H
| # include <unistd.h>
| #endif
| int
| main ()
| {
| static int test_array [1 - 2 * !(((long int) (sizeof (long))) <= 3)];
| test_array [0] = 0;
| return test_array [0];
| 
|   ;
|   return 0;
| }
configure:7527: gcc -c -std=gnu11 -Wall -Wextra -Wsign-compare -Wundef -Wno-format-zero-length -Wpointer-arith -Wno-missing-braces -Wno-missing-field-initializers -Wno-missing-attributes -pipe -g3  conftest.c >&5
conftest.c: In function 'main':
conftest.c:60:12: error: size of array 'test_array' is negative
   60 | static int test_array [1 - 2 * !(((long int) (sizeof (long))) <= 7)];
      |            ^~~~~~~~~~
configure:7527: $? = 1
configure: failed program was:
| /* confdefs.h */
| #define PACKAGE_NAME ""
| #define PACKAGE_TARNAME ""
| #define PACKAGE_VERSION ""
| #define PACKAGE_STRING ""
| #define PACKAGE_BUGREPORT ""
| #define PACKAGE_URL ""
| #define JEMALLOC_HAS_RESTRICT
| #define STDC_HEADERS 1
| #define HAVE_SYS_TYPES_H 1
| #define HAVE_SYS_STAT_H 1
| #define HAVE_STDLIB_H 1
| #define HAVE_STRING_H 1
| #define HAVE_MEMORY_H 1
| #define HAVE_STRINGS_H 1
| #define HAVE_INTTYPES_H 1
| #define HAVE_STDINT_H 1
| #define HAVE_UNISTD_H 1
| #define SIZEOF_VOID_P 8
| #define LG_SIZEOF_PTR 3
| #define SIZEOF_INT 4
| #define LG_SIZEOF_INT 2
| /* end confdefs.h.  */
| #include <stdio.h>
| #ifdef HAVE_SYS_TYPES_H
| # include <sys/types.h>
| #endif
| #ifdef HAVE_SYS_STAT_H
| # include <sys/stat.h>
| #endif
| #ifdef STDC_HEADERS
| # include <stdlib.h>
| # include <stddef.h>
| #else
| # ifdef HAVE_STDLIB_H
| #  include <stdlib.h>
| # endif
| #endif
| #ifdef HAVE_STRING_H
| # if !defined STDC_HEADERS && defined HAVE_MEMORY_H
| #  include <memory.h>
| # endif
| # include <string.h>
| #endif
| #ifdef HAVE_STRINGS_H
| # include <strings.h>
| #endif
| #ifdef HAVE_INTTYPES_H
| # include <inttypes.h>
| #endif
| #ifdef HAVE_STDINT_H
| # include <stdint.h>
| #endif
| #ifdef HAVE_UNISTD_H
| # include <unistd.h>
| #endif
| int
| main ()
| {
| static int test_array [1 - 2 * !(((long int) (sizeof (long))) <= 7)];
| test_array [0] = 0;
| return test_array [0];
| 
|   ;
|   return 0;
| }
configure:7527: gcc -c -std=gnu11 -Wall -Wextra -Wsign-compare -Wundef -Wno-format-zero-length -Wpointer-arith -Wno-missing-braces -Wno-missing-field-initializers -Wno-missing-attributes -pipe -g3  conftest.c >&5
configure:7527: $? = 0
configure:7527: gcc -c -std=gnu11 -Wall -Wextra -Wsign-compare -Wundef -Wno-format-zero-length -Wpointer-arith -Wno-missing-braces -Wno-missing-field-initializers -Wno-missing-attributes -pipe -g3  conftest.c >&5
configure:7527: $? = 0
configure:7527: gcc -c -std=gnu11 -Wall -Wextra -Wsign-compare -Wundef -Wno-format-zero-length -Wpointer-arith -Wno-missing-braces -Wno-missing-field-initializers -Wno-missing-attributes -pipe -g3  conftest.c >&5
configure:7527: $? = 0
configure:7527: gcc -c -std=gnu11 -Wall -Wextra -Wsign-compare -Wundef -Wno-format-zero-length -Wpointer-arith -Wno-missing-braces -Wno-missing-field-initializers -Wno-missing-attributes -pipe -g3  conftest.c >&5
configure:7527: $? = 0
configure:7541: result: 8
configure:7568: checking size of long long
configure:7573: gcc -c -std=gnu11 -Wall -Wextra -Wsign-compare -Wundef -Wno-format-zero-length -Wpointer-arith -Wno-missing-braces -Wno-missing-field-initializers -Wno-missing-attributes -pipe -g3  conftest.c >&5
configure:7573: $? = 0
configure:7573: gcc -c -std=gnu11 -Wall -Wextra -Wsign-compare -Wundef -Wno-format-zero-length -Wpointer-arith -Wno-missing-braces -Wno-missing-field-initializers -Wno-missing-attributes -pipe -g3  conftest.c >&5
conftest.c: In function 'main':
conftest.c:62:12: error: size of array 'test_array' is negative
   62 | static int test_array [1 - 2 * !(((long int) (sizeof (long long))) <= 0)];
      |            ^~~~~~~~~~
configure:7573: $? = 1
configure: failed program was:
| /* confdefs.h */
| #define PACKAGE_NAME ""
| #define PACKAGE_TARNAME ""
| #define PACKAGE_VERSION ""
| #define PACKAGE_STRING ""
| #define PACKAGE_BUGREPORT ""
| #define PACKAGE_URL ""
| #define JEMALLOC_HAS_RESTRICT
| #define STDC_HEADERS 1
| #define HAVE_SYS_TYPES_H 1
| #define HAVE_SYS_STAT_H 1
| #define HAVE_STDLIB_H 1
| #define HAVE_STRING_H 1
| #define HAVE_MEMORY_H 1
| #define HAVE_STRINGS_H 1
| #define HAVE_INTTYPES_H 1
| #define HAVE_STDINT_H 1
| #define HAVE_UNISTD_H 1
| #define SIZEOF_VOID_P 8
| #define LG_SIZEOF_PTR 3
| #define SIZEOF_INT 4
| #define LG_SIZEOF_INT 2
| #define SIZEOF_LONG 8
| #define LG_SIZEOF_LONG 3
| /* end confdefs.h.  */
| #include <stdio.h>
| #ifdef HAVE_SYS_TYPES_H
| # include <sys/types.h>
| #endif
| #ifdef HAVE_SYS_STAT_H
| # include <sys/stat.h>
| #endif
| #ifdef STDC_HEADERS
| # include <stdlib.h>
| # include <stddef.h>
| #else
| # ifdef HAVE_STDLIB_H
| #  include <stdlib.h>
| # endif
| #endif
| #ifdef HAVE_STRING_H
| # if !defined STDC_HEADERS && defined HAVE_MEMORY_H
| #  include <memory.h>
| # endif
| # include <string.h>
| #endif
| #ifdef HAVE_STRINGS_H
| # include <strings.h>
| #endif
| #ifdef HAVE_INTTYPES_H
| # include <inttypes.h>
| #endif
| #ifdef HAVE_STDINT_H
| # include <stdint.h>
| #endif
| #ifdef HAVE_UNISTD_H
| # include <unistd.h>
| #endif
| int
| main ()
| {
| static int test_array [1 - 2 * !(((long int) (sizeof (long long))) <= 0)];
| test_array [0] = 0;
| return test_array [0];
| 
|   ;
|   return 0;
| }
configure:7573: gcc -c -std=gnu11 -Wall -Wextra -Wsign-compare -Wundef -Wno-format-zero-length -Wpointer-arith -Wno-missing-braces -Wno-missing-field-initializers -Wno-missing-attributes -pipe -g3  conftest.c >&5
conftest.c: In function 'main':
conftest.c:62:12: error: size of array 'test_array' is negative
   62 | static int test_array [1 - 2 * !(((long int) (sizeof (long long))) <= 1)];
      |            ^~~~~~~~~~
configure:7573: $? = 1
configure: failed program was:
| /* confdefs.h */
| #define PACKAGE_NAME ""
| #define PACKAGE_TARNAME ""
| #define PACKAGE_VERSION ""
| #define PACKAGE_STRING ""
| #define PACKAGE_BUGREPORT ""
| #define PACKAGE_URL ""
| #define JEMALLOC_HAS_RESTRICT
| #define STDC_HEADERS 1
| #define HAVE_SYS_TYPES_H 1
| #define HAVE_SYS_STAT_H 1
| #define HAVE_STDLIB_H 1
| #define HAVE_STRING_H 1
| #define HAVE_MEMORY_H 1
| #define HAVE_STRINGS_H 1
| #define HAVE_INTTYPES_H 1
| #define HAVE_STDINT_H 1
| #define HAVE_UNISTD_H 1
| #define SIZEOF_VOID_P 8
| #define LG_SIZEOF_PTR 3
| #define SIZEOF_INT 4
| #define LG_SIZEOF_INT 2
| #define SIZEOF_LONG 8
| #define LG_SIZEOF_LONG 3
| /* end confdefs.h.  */
| #include <stdio.h>
| #ifdef HAVE_SYS_TYPES_H
| # include <sys/types.h>
| #endif
| #ifdef HAVE_SYS_STAT_H
| # include <sys/stat.h>
| #endif
| #ifdef STDC_HEADERS
| # include <stdlib.h>
| # include <stddef.h>
| #else
| # ifdef HAVE_STDLIB_H
| #  include <stdlib.h>
| # endif
| #endif
| #ifdef HAVE_STRING_H
| # if !defined STDC_HEADERS && defined HAVE_MEMORY_H
| #  include <memory.h>
| # endif
| # include <string.h>
| #endif
| #ifdef HAVE_STRINGS_H
| # include <strings.h>
| #endif
| #ifdef HAVE_INTTYPES_H
| # include <inttypes.h>
| #endif
| #ifdef HAVE_STDINT_H
| # include <stdint.h>
| #endif
| #ifdef HAVE_UNISTD_H
| # include <unistd.h>
| #endif
| int
| main ()
| {
| static int test_array [1 - 2 * !(((long int) (sizeof (long long))) <= 1)];
| test_array [0] = 0;
| return test_array [0];
| 
|   ;
|   return 0;
| }
configure:7573: gcc -c -std=gnu11 -Wall -Wextra -Wsign-compare -Wundef -Wno-format-zero-length -Wpointer-arith -Wno-missing-braces -Wno-missing-field-initializers -Wno-missing-attributes -pipe -g3  conftest.c >&5
conftest.c: In function 'main':
conftest.c:62:12: error: size of array 'test_array' is negative
   62 | static int test_array [1 - 2 * !(((long int) (sizeof (long long))) <= 3)];
      |            ^~~~~~~~~~
configure:7573: $? = 1
configure: failed program was:
| /* confdefs.h */
| #define PACKAGE_NAME ""
| #define PACKAGE_TARNAME ""
| #define PACKAGE_VERSION ""
| #define PACKAGE_STRING ""
| #define PACKAGE_BUGREPORT ""
| #define PACKAGE_URL ""
| #define JEMALLOC_HAS_RESTRICT
| #define STDC_HEADERS 1
| #define HAVE_SYS_TYPES_H 1
| #define HAVE_SYS_STAT_H 1
| #define HAVE_STDLIB_H 1
| #define HAVE_STRING_H 1
| #define HAVE_MEMORY_H 1
| #define HAVE_STRINGS_H 1
| #define HAVE_INTTYPES_H 1
| #define HAVE_STDINT_H 1
| #define HAVE_UNISTD_H 1
| #define SIZEOF_VOID_P 8
| #define LG_SIZEOF_PTR 3
| #define SIZEOF_INT 4
| #define LG_SIZEOF_INT 2
| #define SIZEOF_LONG 8
| #define LG_SIZEOF_LONG 3
| /* end confdefs.h.  */
| #include <stdio.h>
| #ifdef HAVE_SYS_TYPES_H
| # include <sys/types.h>
| #endif
| #ifdef HAVE_SYS_STAT_H
| # include <sys/stat.h>
| #endif
| #ifdef STDC_HEADERS
| # include <stdlib.h>
| # include <stddef.h>
| #else
| # ifdef HAVE_STDLIB_H
| #  include <stdlib.h>
| # endif
| #endif
| #ifdef HAVE_STRING_H
| # if !defined STDC_HEADERS && defined HAVE_MEMORY_H
| #  include <memory.h>
| # endif
| # include <string.h>
| #endif
| #ifdef HAVE_STRINGS_H
| # include <strings.h>
| #endif
| #ifdef HAVE_INTTYPES_H
| # include <inttypes.h>
| #endif
| #ifdef HAVE_STDINT_H
| # include <stdint.h>
| #endif
| #ifdef HAVE_UNISTD_H
| # include <unistd.h>
| #endif
| int
| main ()
| {
| static int test_array [1 - 2 * !(((long int) (sizeof (long long))) <= 3)];
| test_array [0] = 0;
| return test_array [0];
| 
|   ;
|   return 0;
| }
configure:7573: gcc -c -std=gnu11 -Wall -Wextra -Wsign-compare -Wundef -Wno-format-zero-length -Wpointer-arith -Wno-missing-braces -Wno-missing-field-initializers -Wno-missing-attributes -pipe -g3  conftest.c >&5
conftest.c: In function 'main':
conftest.c:62:12: error: size of array 'test_array' is negative
   62 | static int test_array [1 - 2 * !(((long int) (sizeof (long long))) <= 7)];
      |            ^~~~~~~~~~
configure:7573: $? = 1
configure: failed program was:
| /* confdefs.h */
| #define PACKAGE_NAME ""
| #define PACKAGE_TARNAME ""
| #define PACKAGE_VERSION ""
| #define PACKAGE_STRING ""
| #define PACKAGE_BUGREPORT ""
| #define PACKAGE_URL ""
| #define JEMALLOC_HAS_RESTRICT
| #define STDC_HEADERS 1
| #define HAVE_SYS_TYPES_H 1
| #define HAVE_SYS_STAT_H 1
| #define HAVE_STDLIB_H 1
| #define HAVE_STRING_H 1
| #define HAVE_MEMORY_H 1
| #define HAVE_STRINGS_H 1
| #define HAVE_INTTYPES_H 1
| #define HAVE_STDINT_H 1
| #define HAVE_UNISTD_H 1
| #define SIZEOF_VOID_P 8
| #define LG_SIZEOF_PTR 3
| #define SIZEOF_INT 4
| #define LG_SIZEOF_INT 2
| #define SIZEOF_LONG 8
| #define LG_SIZEOF_LONG 3
| /* end confdefs.h.  */
| #include <stdio.h>
| #ifdef HAVE_SYS_TYPES_H
| # include <sys/types.h>
| #endif
| #ifdef HAVE_SYS_STAT_H
| # include <sys/stat.h>
| #endif
| #ifdef STDC_HEADERS
| # include <stdlib.h>
| # include <stddef.h>
| #else
| # ifdef HAVE_STDLIB_H
| #  include <stdlib.h>
| # endif
| #endif
| #ifdef HAVE_STRING_H
| # if !defined STDC_HEADERS && defined HAVE_MEMORY_H
| #  include <memory.h>
| # endif
| # include <string.h>
| #endif
| #ifdef HAVE_STRINGS_H
| # include <strings.h>
| #endif
| #ifdef HAVE_INTTYPES_H
| # include <inttypes.h>
| #endif
| #ifdef HAVE_STDINT_H
| # include <stdint.h>
| #endif
| #ifdef HAVE_UNISTD_H
| # include <unistd.h>
| #endif
| int
| main ()
| {
| static int test_array [1 - 2 * !(((long int) (sizeof (long long))) <= 7)];
| test_array [0] = 0;
| return test_array [0];
| 
|   ;
|   return 0;
| }
configure:7573: gcc -c -std=gnu11 -Wall -Wextra -Wsign-compare -Wundef -Wno-format-zero-length -Wpointer-arith -Wno-missing-braces -Wno-missing-field-initializers -Wno-missing-attributes -pipe -g3  conftest.c >&5
configure:7573: $? = 0
configure:7573: gcc -c -std=gnu11 -Wall -Wextra -Wsign-compare -Wundef -Wno-format-zero-length -Wpointer-arith -Wno-missing-braces -Wno-missing-field-initializers -Wno-missing-attributes -pipe -g3  conftest.c >&5
configure:7573: $? = 0
configure:7573: gcc -c -std=gnu11 -Wall -Wextra -Wsign-compare -Wundef -Wno-format-zero-length -Wpointer-arith -Wno-missing-braces -Wno-missing-field-initializers -Wno-missing-attributes -pipe -g3  conftest.c >&5
configure:7573: $? = 0
configure:7573: gcc -c -std=gnu11 -Wall -Wextra -Wsign-compare -Wundef -Wno-format-zero-length -Wpointer-arith -Wno-missing-braces -Wno-missing-field-initializers -Wno-missing-attributes -pipe -g3  conftest.c >&5
configure:7573: $? = 0
configure:7587: result: 8
configure:7614: checking size of intmax_t
configure:7619: gcc -c -std=gnu11 -Wall -Wextra -Wsign-compare -Wundef -Wno-format-zero-length -Wpointer-arith -Wno-missing-braces -Wno-missing-field-initializers -Wno-missing-attributes -pipe -g3  conftest.c >&5
configure:7619: $? = 0
configure:7619: gcc -c -std=gnu11 -Wall -Wextra -Wsign-compare -Wundef -Wno-format-zero-length -Wpointer-arith -Wno-missing-braces -Wno-missing-field-initializers -Wno-missing-attributes -pipe -g3  conftest.c >&5
conftest.c: In function 'main':
conftest.c:64:12: error: size of array 'test_array' is negative
   64 | static int test_array [1 - 2 * !(((long int) (sizeof (intmax_t))) <= 0)];
      |            ^~~~~~~~~~
configure:7619: $? = 1
configure: failed program was:
| /* confdefs.h */
| #define PACKAGE_NAME ""
| #define PACKAGE_TARNAME ""
| #define PACKAGE_VERSION ""
| #define PACKAGE_STRING ""
| #define PACKAGE_BUGREPORT ""
| #define PACKAGE_URL ""
| #define JEMALLOC_HAS_RESTRICT
| #define STDC_HEADERS 1
| #define HAVE_SYS_TYPES_H 1
| #define HAVE_SYS_STAT_H 1
| #define HAVE_STDLIB_H 1
| #define HAVE_STRING_H 1
| #define HAVE_MEMORY_H 1
| #define HAVE_STRINGS_H 1
| #define HAVE_INTTYPES_H 1
| #define HAVE_STDINT_H 1
| #define HAVE_UNISTD_H 1
| #define SIZEOF_VOID_P 8
| #define LG_SIZEOF_PTR 3
| #define SIZEOF_INT 4
| #define LG_SIZEOF_INT 2
| #define SIZEOF_LONG 8
| #define LG_SIZEOF_LONG 3
| #define SIZEOF_LONG_LONG 8
| #define LG_SIZEOF_LONG_LONG 3
| /* end confdefs.h.  */
| #include <stdio.h>
| #ifdef HAVE_SYS_TYPES_H
| # include <sys/types.h>
| #endif
| #ifdef HAVE_SYS_STAT_H
| # include <sys/stat.h>
| #endif
| #ifdef STDC_HEADERS
| # include <stdlib.h>
| # include <stddef.h>
| #else
| # ifdef HAVE_STDLIB_H
| #  include <stdlib.h>
| # endif
| #endif
| #ifdef HAVE_STRING_H
| # if !defined STDC_HEADERS && defined HAVE_MEMORY_H
| #  include <memory.h>
| # endif
| # include <string.h>
| #endif
| #ifdef HAVE_STRINGS_H
| # include <strings.h>
| #endif
| #ifdef HAVE_INTTYPES_H
| # include <inttypes.h>
| #endif
| #ifdef HAVE_STDINT_H
| # include <stdint.h>
| #endif
| #ifdef HAVE_UNISTD_H
| # include <unistd.h>
| #endif
| int
| main ()
| {
| static int test_array [1 - 2 * !(((long int) (sizeof (intmax_t))) <= 0)];
| test_array [0] = 0;
| return test_array [0];
| 
|   ;
|   return 0;
| }
configure:7619: gcc -c -std=gnu11 -Wall -Wextra -Wsign-compare -Wundef -Wno-format-zero-length -Wpointer-arith -Wno-missing-braces -Wno-missing-field-initializers -Wno-missing-attributes -pipe -g3  conftest.c >&5
conftest.c: In function 'main':
conftest.c:64:12: error: size of array 'test_array' is negative
   64 | static int test_array [1 - 2 * !(((long int) (sizeof (intmax_t))) <= 1)];
      |            ^~~~~~~~~~
configure:7619: $? = 1
configure: failed program was:
| /* confdefs.h */
| #define PACKAGE_NAME ""
| #define PACKAGE_TARNAME ""
| #define PACKAGE_VERSION ""
| #define PACKAGE_STRING ""
| #define PACKAGE_BUGREPORT ""
| #define PACKAGE_URL ""
| #define JEMALLOC_HAS_RESTRICT
| #define STDC_HEADERS 1
| #define HAVE_SYS_TYPES_H 1
| #define HAVE_SYS_STAT_H 1
| #define HAVE_STDLIB_H 1
| #define HAVE_STRING_H 1
| #define HAVE_MEMORY_H 1
| #define HAVE_STRINGS_H 1
| #define HAVE_INTTYPES_H 1
| #define HAVE_STDINT_H 1
| #define HAVE_UNISTD_H 1
| #define SIZEOF_VOID_P 8
| #define LG_SIZEOF_PTR 3
| #define SIZEOF_INT 4
| #define LG_SIZEOF_INT 2
| #define SIZEOF_LONG 8
| #define LG_SIZEOF_LONG 3
| #define SIZEOF_LONG_LONG 8
| #define LG_SIZEOF_LONG_LONG 3
| /* end confdefs.h.  */
| #include <stdio.h>
| #ifdef HAVE_SYS_TYPES_H
| # include <sys/types.h>
| #endif
| #ifdef HAVE_SYS_STAT_H
| # include <sys/stat.h>
| #endif
| #ifdef STDC_HEADERS
| # include <stdlib.h>
| # include <stddef.h>
| #else
| # ifdef HAVE_STDLIB_H
| #  include <stdlib.h>
| # endif
| #endif
| #ifdef HAVE_STRING_H
| # if !defined STDC_HEADERS && defined HAVE_MEMORY_H
| #  include <memory.h>
| # endif
| # include <string.h>
| #endif
| #ifdef HAVE_STRINGS_H
| # include <strings.h>
| #endif
| #ifdef HAVE_INTTYPES_H
| # include <inttypes.h>
| #endif
| #ifdef HAVE_STDINT_H
| # include <stdint.h>
| #endif
| #ifdef HAVE_UNISTD_H
| # include <unistd.h>
| #endif
| int
| main ()
| {
| static int test_array [1 - 2 * !(((long int) (sizeof (intmax_t))) <= 1)];
| test_array [0] = 0;
| return test_array [0];
| 
|   ;
|   return 0;
| }
configure:7619: gcc -c -std=gnu11 -Wall -Wextra -Wsign-compare -Wundef -Wno-format-zero-length -Wpointer-arith -Wno-missing-braces -Wno-missing-field-initializers -Wno-missing-attributes -pipe -g3  conftest.c >&5
conftest.c: In function 'main':
conftest.c:64:12: error: size of array 'test_array' is negative
   64 | static int test_array [1 - 2 * !(((long int) (sizeof (intmax_t))) <= 3)];
      |            ^~~~~~~~~~
configure:7619: $? = 1
configure: failed program was:
| /* confdefs.h */
| #define PACKAGE_NAME ""
| #define PACKAGE_TARNAME ""
| #define PACKAGE_VERSION ""
| #define PACKAGE_STRING ""
| #define PACKAGE_BUGREPORT ""
| #define PACKAGE_URL ""
| #define JEMALLOC_HAS_RESTRICT
| #define STDC_HEADERS 1
| #define HAVE_SYS_TYPES_H 1
| #define HAVE_SYS_STAT_H 1
| #define HAVE_STDLIB_H 1
| #define HAVE_STRING_H 1
| #define HAVE_MEMORY_H 1
| #define HAVE_STRINGS_H 1
| #define HAVE_INTTYPES_H 1
| #define HAVE_STDINT_H 1
| #define HAVE_UNISTD_H 1
| #define SIZEOF_VOID_P 8
| #define LG_SIZEOF_PTR 3
| #define SIZEOF_INT 4
| #define LG_SIZEOF_INT 2
| #define SIZEOF_LONG 8
| #define LG_SIZEOF_LONG 3
| #define SIZEOF_LONG_LONG 8
| #define LG_SIZEOF_LONG_LONG 3
| /* end confdefs.h.  */
| #include <stdio.h>
| #ifdef HAVE_SYS_TYPES_H
| # include <sys/types.h>
| #endif
| #ifdef HAVE_SYS_STAT_H
| # include <sys/stat.h>
| #endif
| #ifdef STDC_HEADERS
| # include <stdlib.h>
| # include <stddef.h>
| #else
| # ifdef HAVE_STDLIB_H
| #  include <stdlib.h>
| # endif
| #endif
| #ifdef HAVE_STRING_H
| # if !defined STDC_HEADERS && defined HAVE_MEMORY_H
| #  include <memory.h>
| # endif
| # include <string.h>
| #endif
| #ifdef HAVE_STRINGS_H
| # include <strings.h>
| #endif
| #ifdef HAVE_INTTYPES_H
| # include <inttypes.h>
| #endif
| #ifdef HAVE_STDINT_H
| # include <stdint.h>
| #endif
| #ifdef HAVE_UNISTD_H
| # include <unistd.h>
| #endif
| int
| main ()
| {
| static int test_array [1 - 2 * !(((long int) (sizeof (intmax_t))) <= 3)];
| test_array [0] = 0;
| return test_array [0];
| 
|   ;
|   return 0;
| }
configure:7619: gcc -c -std=gnu11 -Wall -Wextra -Wsign-compare -Wundef -Wno-format-zero-length -Wpointer-arith -Wno-missing-braces -Wno-missing-field-initializers -Wno-missing-attributes -pipe -g3  conftest.c >&5
conftest.c: In function 'main':
conftest.c:64:12: error: size of array 'test_array' is negative
   64 | static int test_array [1 - 2 * !(((long int) (sizeof (intmax_t))) <= 7)];
      |            ^~~~~~~~~~
configure:7619: $? = 1
configure: failed program was:
| /* confdefs.h */
| #define PACKAGE_NAME ""
| #define PACKAGE_TARNAME ""
| #define PACKAGE_VERSION ""
| #define PACKAGE_STRING ""
| #define PACKAGE_BUGREPORT ""
| #define PACKAGE_URL ""
| #define JEMALLOC_HAS_RESTRICT
| #define STDC_HEADERS 1
| #define HAVE_SYS_TYPES_H 1
| #define HAVE_SYS_STAT_H 1
| #define HAVE_STDLIB_H 1
| #define HAVE_STRING_H 1
| #define HAVE_MEMORY_H 1
| #define HAVE_STRINGS_H 1
| #define HAVE_INTTYPES_H 1
| #define HAVE_STDINT_H 1
| #define HAVE_UNISTD_H 1
| #define SIZEOF_VOID_P 8
| #define LG_SIZEOF_PTR 3
| #define SIZEOF_INT 4
| #define LG_SIZEOF_INT 2
| #define SIZEOF_LONG 8
| #define LG_SIZEOF_LONG 3
| #define SIZEOF_LONG_LONG 8
| #define LG_SIZEOF_LONG_LONG 3
| /* end confdefs.h.  */
| #include <stdio.h>
| #ifdef HAVE_SYS_TYPES_H
| # include <sys/types.h>
| #endif
| #ifdef HAVE_SYS_STAT_H
| # include <sys/stat.h>
| #endif
| #ifdef STDC_HEADERS
| # include <stdlib.h>
| # include <stddef.h>
| #else
| # ifdef HAVE_STDLIB_H
| #  include <stdlib.h>
| # endif
| #endif
| #ifdef HAVE_STRING_H
| # if !defined STDC_HEADERS && defined HAVE_MEMORY_H
| #  include <memory.h>
| # endif
| # include <string.h>
| #endif
| #ifdef HAVE_STRINGS_H
| # include <strings.h>
| #endif
| #ifdef HAVE_INTTYPES_H
| # include <inttypes.h>
| #endif
| #ifdef HAVE_STDINT_H
| # include <stdint.h>
| #endif
| #ifdef HAVE_UNISTD_H
| # include <unistd.h>
| #endif
| int
| main ()
| {
| static int test_array [1 - 2 * !(((long int) (sizeof (intmax_t))) <= 7)];
| test_array [0] = 0;
| return test_array [0];
| 
|   ;
|   return 0;
| }
configure:7619: gcc -c -std=gnu11 -Wall -Wextra -Wsign-compare -Wundef -Wno-format-zero-length -Wpointer-arith -Wno-missing-braces -Wno-missing-field-initializers -Wno-missing-attributes -pipe -g3  conftest.c >&5
configure:7619: $? = 0
configure:7619: gcc -c -std=gnu11 -Wall -Wextra -Wsign-compare -Wundef -Wno-format-zero-length -Wpointer-arith -Wno-missing-braces -Wno-missing-field-initializers -Wno-missing-attributes -pipe -g3  conftest.c >&5
configure:7619: $? = 0
configure:7619: gcc -c -std=gnu11 -Wall -Wextra -Wsign-compare -Wundef -Wno-format-zero-length -Wpointer-arith -Wno-missing-braces -Wno-missing-field-initializers -Wno-missing-attributes -pipe -g3  conftest.c >&5
configure:7619: $? = 0
configure:7619: gcc -c -std=gnu11 -Wall -Wextra -Wsign-compare -Wundef -Wno-format-zero-length -Wpointer-arith -Wno-missing-braces -Wno-missing-field-initializers -Wno-missing-attributes -pipe -g3  conftest.c >&5
configure:7619: $? = 0
configure:7633: result: 8
configure:7662: checking build system type
configure:7676: result: x86_64-unknown-linux-gnu
configure:7696: checking host system type
configure:7705: error: /bin/bash /opt/home/victoryang00/risingwave/target/riscv64gc-unknown-linux-gnu/debug/build/tikv-jemalloc-sys-da45fb7d79633b31/out/build/build-aux/config.sub riscv64gc-unknown-linux-gnu failed

## ---------------- ##
## Cache variables. ##
## ---------------- ##

ac_cv_big_endian=0
ac_cv_build=x86_64-unknown-linux-gnu
ac_cv_c_bigendian=no
ac_cv_c_compiler_gnu=yes
ac_cv_env_CCC_set=
ac_cv_env_CCC_value=
ac_cv_env_CC_set=
ac_cv_env_CC_value=
ac_cv_env_CFLAGS_set=
ac_cv_env_CFLAGS_value=
ac_cv_env_CPPFLAGS_set=
ac_cv_env_CPPFLAGS_value=
ac_cv_env_CPP_set=
ac_cv_env_CPP_value=
ac_cv_env_CXXFLAGS_set=
ac_cv_env_CXXFLAGS_value=
ac_cv_env_CXX_set=
ac_cv_env_CXX_value=
ac_cv_env_LDFLAGS_set=
ac_cv_env_LDFLAGS_value=
ac_cv_env_LIBS_set=
ac_cv_env_LIBS_value=
ac_cv_env_build_alias_set=set
ac_cv_env_build_alias_value=x86_64-unknown-linux-gnu
ac_cv_env_host_alias_set=set
ac_cv_env_host_alias_value=riscv64gc-unknown-linux-gnu
ac_cv_env_target_alias_set=
ac_cv_env_target_alias_value=
ac_cv_header_inttypes_h=yes
ac_cv_header_memory_h=yes
ac_cv_header_stdc=yes
ac_cv_header_stdint_h=yes
ac_cv_header_stdlib_h=yes
ac_cv_header_string_h=yes
ac_cv_header_strings_h=yes
ac_cv_header_sys_stat_h=yes
ac_cv_header_sys_types_h=yes
ac_cv_header_unistd_h=yes
ac_cv_host=
ac_cv_objext=o
ac_cv_path_EGREP='/usr/bin/grep -E'
ac_cv_path_GREP=/usr/bin/grep
ac_cv_path_XSLTPROC=false
ac_cv_prog_CPP='gcc -E'
ac_cv_prog_ac_ct_CC=gcc
ac_cv_prog_cc_c89=
ac_cv_prog_cc_g=yes
ac_cv_sizeof_int=4
ac_cv_sizeof_intmax_t=8
ac_cv_sizeof_long=8
ac_cv_sizeof_long_long=8
ac_cv_sizeof_void_p=8
je_cv_cflags_added=-g3
je_cv_cray=no
je_cv_cray_prgenv_wrapper=

## ----------------- ##
## Output variables. ##
## ----------------- ##

AR=''
ARFLAGS=''
AROUT=''
AUTOCONF=''
AWK=''
BINDIR='/opt/home/victoryang00/risingwave/target/riscv64gc-unknown-linux-gnu/debug/build/tikv-jemalloc-sys-da45fb7d79633b31/out/bin'
CC='gcc'
CC_MM=''
CFLAGS='-std=gnu11 -Wall -Wextra -Wsign-compare -Wundef -Wno-format-zero-length -Wpointer-arith -Wno-missing-braces -Wno-missing-field-initializers -Wno-missing-attributes -pipe -g3'
CONFIG='--disable-cxx --enable-doc=no --enable-shared=no --with-jemalloc-prefix=_rjem_ --with-private-namespace=_rjem_ --enable-prof --enable-stats --host=riscv64gc-unknown-linux-gnu --build=x86_64-unknown-linux-gnu --prefix=/opt/home/victoryang00/risingwave/target/riscv64gc-unknown-linux-gnu/debug/build/tikv-jemalloc-sys-da45fb7d79633b31/out build_alias=x86_64-unknown-linux-gnu host_alias=riscv64gc-unknown-linux-gnu'
CONFIGURE_CFLAGS='-std=gnu11 -Wall -Wextra -Wsign-compare -Wundef -Wno-format-zero-length -Wpointer-arith -Wno-missing-braces -Wno-missing-field-initializers -Wno-missing-attributes -pipe -g3'
CONFIGURE_CXXFLAGS=''
CPP='gcc -E'
CPPFLAGS=''
CTARGET=''
CXX=''
CXXFLAGS=''
DATADIR='/opt/home/victoryang00/risingwave/target/riscv64gc-unknown-linux-gnu/debug/build/tikv-jemalloc-sys-da45fb7d79633b31/out/share'
DEFS=''
DSO_LDFLAGS=''
DUMP_SYMS=''
ECHO_C=''
ECHO_N='-n'
ECHO_T=''
EGREP='/usr/bin/grep -E'
EXEEXT=''
EXTRA_CFLAGS=''
EXTRA_CXXFLAGS=''
EXTRA_LDFLAGS=''
GREP='/usr/bin/grep'
HAVE_CXX14=''
HAVE_CXX17=''
INCLUDEDIR='/opt/home/victoryang00/risingwave/target/riscv64gc-unknown-linux-gnu/debug/build/tikv-jemalloc-sys-da45fb7d79633b31/out/include'
INSTALL_DATA=''
INSTALL_PROGRAM=''
INSTALL_SCRIPT=''
JEMALLOC_CPREFIX=''
JEMALLOC_PREFIX=''
LD=''
LDFLAGS=''
LDTARGET=''
LD_PRELOAD_VAR=''
LIBDIR='/opt/home/victoryang00/risingwave/target/riscv64gc-unknown-linux-gnu/debug/build/tikv-jemalloc-sys-da45fb7d79633b31/out/lib'
LIBOBJS=''
LIBS=''
LM=''
LTLIBOBJS=''
MANDIR='/opt/home/victoryang00/risingwave/target/riscv64gc-unknown-linux-gnu/debug/build/tikv-jemalloc-sys-da45fb7d79633b31/out/share/man'
MKLIB=''
NM=''
OBJEXT='o'
PACKAGE_BUGREPORT=''
PACKAGE_NAME=''
PACKAGE_STRING=''
PACKAGE_TARNAME=''
PACKAGE_URL=''
PACKAGE_VERSION=''
PATH_SEPARATOR=':'
PIC_CFLAGS=''
PREFIX='/opt/home/victoryang00/risingwave/target/riscv64gc-unknown-linux-gnu/debug/build/tikv-jemalloc-sys-da45fb7d79633b31/out'
RANLIB=''
RPATH=''
RPATH_EXTRA=''
SHELL='/bin/bash'
SOREV=''
SPECIFIED_CFLAGS=''
SPECIFIED_CXXFLAGS=''
TEST_LD_MODE=''
XSLROOT=''
XSLTPROC='false'
a=''
abi=''
abs_objroot='/home/victoryang00/risingwave/'
abs_srcroot='/opt/home/victoryang00/risingwave/target/riscv64gc-unknown-linux-gnu/debug/build/tikv-jemalloc-sys-da45fb7d79633b31/out/build/'
ac_ct_CC='gcc'
ac_ct_CXX=''
bindir='${exec_prefix}/bin'
build='x86_64-unknown-linux-gnu'
build_alias='x86_64-unknown-linux-gnu'
build_cpu='x86_64'
build_os='linux-gnu'
build_vendor='unknown'
cfghdrs_in=''
cfghdrs_out=''
cfgoutputs_in=''
cfgoutputs_out=''
datadir='${datarootdir}'
datarootdir='${prefix}/share'
docdir='${datarootdir}/doc/${PACKAGE}'
dvidir='${docdir}'
enable_autogen=''
enable_cache_oblivious=''
enable_cxx='0'
enable_debug=''
enable_doc='no'
enable_experimental_smallocx=''
enable_fill=''
enable_initial_exec_tls=''
enable_lazy_lock=''
enable_log=''
enable_opt_safety_checks=''
enable_opt_size_checks=''
enable_prof='yes'
enable_readlinkat=''
enable_shared='no'
enable_static=''
enable_stats='yes'
enable_tls=''
enable_uaf_detection=''
enable_utrace=''
enable_xmalloc=''
enable_zone_allocator=''
exe=''
exec_prefix='/opt/home/victoryang00/risingwave/target/riscv64gc-unknown-linux-gnu/debug/build/tikv-jemalloc-sys-da45fb7d79633b31/out'
host='riscv64gc-unknown-linux-gnu'
host_alias='riscv64gc-unknown-linux-gnu'
host_cpu=''
host_os=''
host_vendor=''
htmldir='${docdir}'
importlib=''
includedir='${prefix}/include'
infodir='${datarootdir}/info'
install_suffix=''
je_=''
jemalloc_version=''
jemalloc_version_bugfix=''
jemalloc_version_gid=''
jemalloc_version_major=''
jemalloc_version_minor=''
jemalloc_version_nrev=''
libdir='${exec_prefix}/lib'
libdl=''
libexecdir='${exec_prefix}/libexec'
libprefix=''
link_whole_archive=''
localedir='${datarootdir}/locale'
localstatedir='${prefix}/var'
mandir='${datarootdir}/man'
o=''
objroot=''
oldincludedir='/usr/include'
pdfdir='${docdir}'
prefix='/opt/home/victoryang00/risingwave/target/riscv64gc-unknown-linux-gnu/debug/build/tikv-jemalloc-sys-da45fb7d79633b31/out'
private_namespace=''
program_transform_name='s,x,x,'
psdir='${docdir}'
rev='2'
sbindir='${exec_prefix}/sbin'
sharedstatedir='${prefix}/com'
so=''
srcroot='/opt/home/victoryang00/risingwave/target/riscv64gc-unknown-linux-gnu/debug/build/tikv-jemalloc-sys-da45fb7d79633b31/out/build/'
sysconfdir='${prefix}/etc'
target_alias=''

## ----------- ##
## confdefs.h. ##
## ----------- ##

/* confdefs.h */
#define PACKAGE_NAME ""
#define PACKAGE_TARNAME ""
#define PACKAGE_VERSION ""
#define PACKAGE_STRING ""
#define PACKAGE_BUGREPORT ""
#define PACKAGE_URL ""
#define JEMALLOC_HAS_RESTRICT
#define STDC_HEADERS 1
#define HAVE_SYS_TYPES_H 1
#define HAVE_SYS_STAT_H 1
#define HAVE_STDLIB_H 1
#define HAVE_STRING_H 1
#define HAVE_MEMORY_H 1
#define HAVE_STRINGS_H 1
#define HAVE_INTTYPES_H 1
#define HAVE_STDINT_H 1
#define HAVE_UNISTD_H 1
#define SIZEOF_VOID_P 8
#define LG_SIZEOF_PTR 3
#define SIZEOF_INT 4
#define LG_SIZEOF_INT 2
#define SIZEOF_LONG 8
#define LG_SIZEOF_LONG 3
#define SIZEOF_LONG_LONG 8
#define LG_SIZEOF_LONG_LONG 3
#define SIZEOF_INTMAX_T 8
#define LG_SIZEOF_INTMAX_T 3

configure: exit 1
